**********************************************************************************************************************************
Current Table: global
Parent Table: NULL
Name            Type                                               Category        Initial Value   Size            Offset          Nested Table   
**********************************************************************************************************************************
main            int                                                function                        4               0               main           
----------------------------------------------------------------------------------------------------------------------------------
printStr        int                                                function                        4               4               printStr       
----------------------------------------------------------------------------------------------------------------------------------
readInt         int                                                function                        4               8               readInt        
----------------------------------------------------------------------------------------------------------------------------------
printInt        int                                                function                        4               12              printInt       
----------------------------------------------------------------------------------------------------------------------------------


**********************************************************************************************************************************
Current Table: main
Parent Table: global
Name            Type                                               Category        Initial Value   Size            Offset          Nested Table   
**********************************************************************************************************************************
t31             int                                                temporary                       4               0               NULL           
----------------------------------------------------------------------------------------------------------------------------------
t30             char*                                              temporary       "Passed\n"      8               4               NULL           
----------------------------------------------------------------------------------------------------------------------------------
t28             int                                                temporary                       4               12              NULL           
----------------------------------------------------------------------------------------------------------------------------------
t27             char*                                              temporary       "\nFailed\n"    8               16              NULL           
----------------------------------------------------------------------------------------------------------------------------------
t9              int                                                temporary       0               4               24              NULL           
----------------------------------------------------------------------------------------------------------------------------------
t8              int                                                temporary                       4               28              NULL           
----------------------------------------------------------------------------------------------------------------------------------
t11             char*                                              temporary       "\nFailed\n"    8               32              NULL           
----------------------------------------------------------------------------------------------------------------------------------
t5              int                                                temporary       0               4               40              NULL           
----------------------------------------------------------------------------------------------------------------------------------
b               int                                                local           1               4               44              NULL           
----------------------------------------------------------------------------------------------------------------------------------
t6              int                                                temporary       1               4               48              NULL           
----------------------------------------------------------------------------------------------------------------------------------
t4              int                                                temporary       1               4               52              NULL           
----------------------------------------------------------------------------------------------------------------------------------
t10             int                                                temporary       0               4               56              NULL           
----------------------------------------------------------------------------------------------------------------------------------
t7              char*                                              temporary       "\nFailed\n"    8               60              NULL           
----------------------------------------------------------------------------------------------------------------------------------
t13             int                                                temporary       0               4               68              NULL           
----------------------------------------------------------------------------------------------------------------------------------
t16             int                                                temporary                       4               72              NULL           
----------------------------------------------------------------------------------------------------------------------------------
t2              int                                                temporary                       4               76              NULL           
----------------------------------------------------------------------------------------------------------------------------------
t15             char*                                              temporary       "\nFailed\n"    8               80              NULL           
----------------------------------------------------------------------------------------------------------------------------------
t1              char*                                              temporary       "\nTest file #7\n" 8               88              NULL           
----------------------------------------------------------------------------------------------------------------------------------
return          int                                                local                           4               96              NULL           
----------------------------------------------------------------------------------------------------------------------------------
t12             int                                                temporary                       4               100             NULL           
----------------------------------------------------------------------------------------------------------------------------------
t29             int                                                temporary       0               4               104             NULL           
----------------------------------------------------------------------------------------------------------------------------------
t24             char*                                              temporary       "\nFailed\n"    8               108             NULL           
----------------------------------------------------------------------------------------------------------------------------------
t32             int                                                temporary       0               4               116             NULL           
----------------------------------------------------------------------------------------------------------------------------------
a               int                                                local           0               4               120             NULL           
----------------------------------------------------------------------------------------------------------------------------------
t14             int                                                temporary       0               4               124             NULL           
----------------------------------------------------------------------------------------------------------------------------------
t17             int                                                temporary       0               4               128             NULL           
----------------------------------------------------------------------------------------------------------------------------------
t3              int                                                temporary       0               4               132             NULL           
----------------------------------------------------------------------------------------------------------------------------------
t26             int                                                temporary       0               4               136             NULL           
----------------------------------------------------------------------------------------------------------------------------------
t18             int                                                temporary       1               4               140             NULL           
----------------------------------------------------------------------------------------------------------------------------------
t22             int                                                temporary                       4               144             NULL           
----------------------------------------------------------------------------------------------------------------------------------
t23             int                                                temporary       0               4               148             NULL           
----------------------------------------------------------------------------------------------------------------------------------
t20             int                                                temporary                       4               152             NULL           
----------------------------------------------------------------------------------------------------------------------------------
t19             char*                                              temporary       "\nReached correct point\n" 8               156             NULL           
----------------------------------------------------------------------------------------------------------------------------------
t21             char*                                              temporary       "\nFailed\n"    8               164             NULL           
----------------------------------------------------------------------------------------------------------------------------------
t25             int                                                temporary                       4               172             NULL           
----------------------------------------------------------------------------------------------------------------------------------


**********************************************************************************************************************************
Current Table: printStr
Parent Table: global
Name            Type                                               Category        Initial Value   Size            Offset          Nested Table   
**********************************************************************************************************************************
return          int                                                local                           4               0               NULL           
----------------------------------------------------------------------------------------------------------------------------------
s               char*                                              parameter                       8               4               NULL           
----------------------------------------------------------------------------------------------------------------------------------


**********************************************************************************************************************************
Current Table: readInt
Parent Table: global
Name            Type                                               Category        Initial Value   Size            Offset          Nested Table   
**********************************************************************************************************************************
return          int                                                local                           4               0               NULL           
----------------------------------------------------------------------------------------------------------------------------------
eP              int*                                               parameter                       8               4               NULL           
----------------------------------------------------------------------------------------------------------------------------------


**********************************************************************************************************************************
Current Table: printInt
Parent Table: global
Name            Type                                               Category        Initial Value   Size            Offset          Nested Table   
**********************************************************************************************************************************
return          int                                                local                           4               0               NULL           
----------------------------------------------------------------------------------------------------------------------------------
n               int                                                parameter                       4               4               NULL           
----------------------------------------------------------------------------------------------------------------------------------


1   : Function start: main
2   : 	t1 = "\nTest file #7\n"
3   : 	param t1
4   : 	t2 = call printStr,1
5   : 	t3 = 0
6   : 	a = t3
7   : 	t4 = 1
8   : 	b = t4
9   : 	t5 = 0
10  : 	if a == t5 goto 12
11  : 	goto 60
12  : 	t6 = 1
13  : 	if a == t6 goto 15
14  : 	goto 21
15  : 	t7 = "\nFailed\n"
16  : 	param t7
17  : 	t8 = call printStr,1
18  : 	t9 = 0
19  : 	return t9
20  : 	goto 65
21  : 	t10 = 0
22  : 	if b == t10 goto 24
23  : 	goto 30
24  : 	t11 = "\nFailed\n"
25  : 	param t11
26  : 	t12 = call printStr,1
27  : 	t13 = 0
28  : 	return t13
29  : 	goto 65
30  : 	if a < b goto 32
31  : 	goto 54
32  : 	t14 = 0
33  : 	if a != t14 goto 35
34  : 	goto 41
35  : 	t15 = "\nFailed\n"
36  : 	param t15
37  : 	t16 = call printStr,1
38  : 	t17 = 0
39  : 	return t17
40  : 	goto 65
41  : 	t18 = 1
42  : 	if b == t18 goto 44
43  : 	goto 48
44  : 	t19 = "\nReached correct point\n"
45  : 	param t19
46  : 	t20 = call printStr,1
47  : 	goto 65
48  : 	t21 = "\nFailed\n"
49  : 	param t21
50  : 	t22 = call printStr,1
51  : 	t23 = 0
52  : 	return t23
53  : 	goto 65
54  : 	t24 = "\nFailed\n"
55  : 	param t24
56  : 	t25 = call printStr,1
57  : 	t26 = 0
58  : 	return t26
59  : 	goto 65
60  : 	t27 = "\nFailed\n"
61  : 	param t27
62  : 	t28 = call printStr,1
63  : 	t29 = 0
64  : 	return t29
65  : 	t30 = "Passed\n"
66  : 	param t30
67  : 	t31 = call printStr,1
68  : 	t32 = 0
69  : 	return t32
70  : Function end: main
