**********************************************************************************************************************************
Current Table: global
Parent Table: NULL
Name            Type                                               Category        Initial Value   Size            Offset          Nested Table   
**********************************************************************************************************************************
main            int                                                function                        4               0               main           
----------------------------------------------------------------------------------------------------------------------------------
init            void                                               function                        0               4               init           
----------------------------------------------------------------------------------------------------------------------------------
t1              char*                                              temporary       "\nTest file #2\n" 8               4               NULL           
----------------------------------------------------------------------------------------------------------------------------------
str             char*                                              global          "\nTest file #2\n" 8               12              NULL           
----------------------------------------------------------------------------------------------------------------------------------
n               int                                                global                          4               20              NULL           
----------------------------------------------------------------------------------------------------------------------------------
printStr        int                                                function                        4               24              printStr       
----------------------------------------------------------------------------------------------------------------------------------
factorial       int                                                function                        4               28              factorial      
----------------------------------------------------------------------------------------------------------------------------------
readInt         int                                                function                        4               32              readInt        
----------------------------------------------------------------------------------------------------------------------------------
printInt        int                                                function                        4               36              printInt       
----------------------------------------------------------------------------------------------------------------------------------


**********************************************************************************************************************************
Current Table: main
Parent Table: global
Name            Type                                               Category        Initial Value   Size            Offset          Nested Table   
**********************************************************************************************************************************
t47             int                                                temporary                       4               0               NULL           
----------------------------------------------------------------------------------------------------------------------------------
t43             int                                                temporary                       4               4               NULL           
----------------------------------------------------------------------------------------------------------------------------------
t41             int                                                temporary                       4               8               NULL           
----------------------------------------------------------------------------------------------------------------------------------
t40             int                                                temporary                       4               12              NULL           
----------------------------------------------------------------------------------------------------------------------------------
t39             char*                                              temporary       "\nOverflow. Please enter an integer <= 10" 8               16              NULL           
----------------------------------------------------------------------------------------------------------------------------------
t38             int                                                temporary       0               4               24              NULL           
----------------------------------------------------------------------------------------------------------------------------------
t36             int                                                temporary       0               4               28              NULL           
----------------------------------------------------------------------------------------------------------------------------------
t46             char*                                              temporary       "\n"            8               32              NULL           
----------------------------------------------------------------------------------------------------------------------------------
fact            array(11,int)                                      local                           44              40              NULL           
----------------------------------------------------------------------------------------------------------------------------------
return          int                                                local                           4               84              NULL           
----------------------------------------------------------------------------------------------------------------------------------
t33             int                                                temporary       0               4               88              NULL           
----------------------------------------------------------------------------------------------------------------------------------
t48             int                                                temporary       0               4               92              NULL           
----------------------------------------------------------------------------------------------------------------------------------
t44             int                                                temporary                       4               96              NULL           
----------------------------------------------------------------------------------------------------------------------------------
t42             char*                                              temporary       "!="            8               100             NULL           
----------------------------------------------------------------------------------------------------------------------------------
t27             void                                               temporary                       0               108             NULL           
----------------------------------------------------------------------------------------------------------------------------------
t45             int                                                temporary                       4               108             NULL           
----------------------------------------------------------------------------------------------------------------------------------
t30             int                                                temporary                       4               112             NULL           
----------------------------------------------------------------------------------------------------------------------------------
t31             int*                                               temporary                       8               116             NULL           
----------------------------------------------------------------------------------------------------------------------------------
check           int                                                local                           4               124             NULL           
----------------------------------------------------------------------------------------------------------------------------------
t29             char*                                              temporary       "\nEnter a positive integer 'n' less than 10: " 8               128             NULL           
----------------------------------------------------------------------------------------------------------------------------------
t37             int                                                temporary       10              4               136             NULL           
----------------------------------------------------------------------------------------------------------------------------------
t32             int                                                temporary                       4               140             NULL           
----------------------------------------------------------------------------------------------------------------------------------
t34             char*                                              temporary       "\nRead Int failed" 8               144             NULL           
----------------------------------------------------------------------------------------------------------------------------------
t26             int                                                temporary       11              4               152             NULL           
----------------------------------------------------------------------------------------------------------------------------------
t28             int                                                temporary                       4               156             NULL           
----------------------------------------------------------------------------------------------------------------------------------
t35             int                                                temporary                       4               160             NULL           
----------------------------------------------------------------------------------------------------------------------------------


**********************************************************************************************************************************
Current Table: init
Parent Table: global
Name            Type                                               Category        Initial Value   Size            Offset          Nested Table   
**********************************************************************************************************************************
t7              int                                                temporary                       4               0               NULL           
----------------------------------------------------------------------------------------------------------------------------------
t6              int                                                temporary       1               4               4               NULL           
----------------------------------------------------------------------------------------------------------------------------------
t4              int                                                temporary                       4               8               NULL           
----------------------------------------------------------------------------------------------------------------------------------
t3              int                                                temporary       10              4               12              NULL           
----------------------------------------------------------------------------------------------------------------------------------
t2              int                                                temporary       0               4               16              NULL           
----------------------------------------------------------------------------------------------------------------------------------
t5              int                                                temporary                       4               20              NULL           
----------------------------------------------------------------------------------------------------------------------------------
i               int                                                local                           4               24              NULL           
----------------------------------------------------------------------------------------------------------------------------------
fact            int*                                               parameter                       8               28              NULL           
----------------------------------------------------------------------------------------------------------------------------------


**********************************************************************************************************************************
Current Table: printStr
Parent Table: global
Name            Type                                               Category        Initial Value   Size            Offset          Nested Table   
**********************************************************************************************************************************
return          int                                                local                           4               0               NULL           
----------------------------------------------------------------------------------------------------------------------------------
s               char*                                              parameter                       8               4               NULL           
----------------------------------------------------------------------------------------------------------------------------------


**********************************************************************************************************************************
Current Table: factorial
Parent Table: global
Name            Type                                               Category        Initial Value   Size            Offset          Nested Table   
**********************************************************************************************************************************
t25             int                                                temporary                       4               0               NULL           
----------------------------------------------------------------------------------------------------------------------------------
t21             int                                                temporary                       4               4               NULL           
----------------------------------------------------------------------------------------------------------------------------------
t20             int                                                temporary       1               4               8               NULL           
----------------------------------------------------------------------------------------------------------------------------------
t23             int                                                temporary                       4               12              NULL           
----------------------------------------------------------------------------------------------------------------------------------
t22             int                                                temporary                       4               16              NULL           
----------------------------------------------------------------------------------------------------------------------------------
t19             int                                                temporary                       4               20              NULL           
----------------------------------------------------------------------------------------------------------------------------------
t18             int                                                temporary                       4               24              NULL           
----------------------------------------------------------------------------------------------------------------------------------
fact            int*                                               parameter                       8               28              NULL           
----------------------------------------------------------------------------------------------------------------------------------
return          int                                                local                           4               36              NULL           
----------------------------------------------------------------------------------------------------------------------------------
n               int                                                parameter                       4               40              NULL           
----------------------------------------------------------------------------------------------------------------------------------
t15             int                                                temporary       1               4               44              NULL           
----------------------------------------------------------------------------------------------------------------------------------
t9              int                                                temporary                       4               48              NULL           
----------------------------------------------------------------------------------------------------------------------------------
t24             int                                                temporary                       4               52              NULL           
----------------------------------------------------------------------------------------------------------------------------------
t12             int                                                temporary                       4               56              NULL           
----------------------------------------------------------------------------------------------------------------------------------
t17             int                                                temporary                       4               60              NULL           
----------------------------------------------------------------------------------------------------------------------------------
t8              int                                                temporary       0               4               64              NULL           
----------------------------------------------------------------------------------------------------------------------------------
t11             int                                                temporary                       4               68              NULL           
----------------------------------------------------------------------------------------------------------------------------------
t14             int                                                temporary                       4               72              NULL           
----------------------------------------------------------------------------------------------------------------------------------
t10             int                                                temporary       1               4               76              NULL           
----------------------------------------------------------------------------------------------------------------------------------
t13             int                                                temporary                       4               80              NULL           
----------------------------------------------------------------------------------------------------------------------------------
t16             int                                                temporary                       4               84              NULL           
----------------------------------------------------------------------------------------------------------------------------------


**********************************************************************************************************************************
Current Table: readInt
Parent Table: global
Name            Type                                               Category        Initial Value   Size            Offset          Nested Table   
**********************************************************************************************************************************
return          int                                                local                           4               0               NULL           
----------------------------------------------------------------------------------------------------------------------------------
eP              int*                                               parameter                       8               4               NULL           
----------------------------------------------------------------------------------------------------------------------------------


**********************************************************************************************************************************
Current Table: printInt
Parent Table: global
Name            Type                                               Category        Initial Value   Size            Offset          Nested Table   
**********************************************************************************************************************************
return          int                                                local                           4               0               NULL           
----------------------------------------------------------------------------------------------------------------------------------
n               int                                                parameter                       4               4               NULL           
----------------------------------------------------------------------------------------------------------------------------------


1   : 	t1 = "\nTest file #2\n"
2   : 	str = t1
3   : Function start: init
4   : 	t2 = 0
5   : 	i = t2
6   : 	t3 = 10
7   : 	if i <= t3 goto 12
8   : 	goto 17
9   : 	t4 = i
10  : 	i = i + 1
11  : 	goto 6
12  : 	t5 = i * 4
13  : 	t6 = 1
14  : 	t7 = -t6
15  : 	fact[t5] = t7
16  : 	goto 9
17  : 	return 
18  : Function end: init
19  : Function start: factorial
20  : 	t8 = 0
21  : 	if n == t8 goto 23
22  : 	goto 30
23  : 	t9 = n * 4
24  : 	t10 = 1
25  : 	fact[t9] = t10
26  : 	t11 = n * 4
27  : 	t12 = fact[t11]
28  : 	return t12
29  : 	goto 30
30  : 	t13 = n * 4
31  : 	t14 = fact[t13]
32  : 	t15 = 1
33  : 	t16 = -t15
34  : 	if t14 != t16 goto 36
35  : 	goto 40
36  : 	t17 = n * 4
37  : 	t18 = fact[t17]
38  : 	return t18
39  : 	goto 40
40  : 	t19 = n * 4
41  : 	param fact
42  : 	t20 = 1
43  : 	t21 = n - t20
44  : 	param t21
45  : 	t22 = call factorial,2
46  : 	t23 = n * t22
47  : 	fact[t19] = t23
48  : 	t24 = n * 4
49  : 	t25 = fact[t24]
50  : 	return t25
51  : Function end: factorial
52  : Function start: main
53  : 	t26 = 11
54  : 	param fact
55  : 	t27 = call init,1
56  : 	param str
57  : 	t28 = call printStr,1
58  : 	t29 = "\nEnter a positive integer 'n' less than 10: "
59  : 	param t29
60  : 	t30 = call printStr,1
61  : 	t31 = &check
62  : 	param t31
63  : 	t32 = call readInt,1
64  : 	n = t32
65  : 	t33 = 0
66  : 	if check == t33 goto 68
67  : 	goto 74
68  : 	t34 = "\nRead Int failed"
69  : 	param t34
70  : 	t35 = call printStr,1
71  : 	t36 = 0
72  : 	return t36
73  : 	goto 84
74  : 	t37 = 10
75  : 	if n > t37 goto 80
76  : 	goto 77
77  : 	t38 = 0
78  : 	if n < t38 goto 80
79  : 	goto 84
80  : 	t39 = "\nOverflow. Please enter an integer <= 10"
81  : 	param t39
82  : 	t40 = call printStr,1
83  : 	goto 84
84  : 	param n
85  : 	t41 = call printInt,1
86  : 	t42 = "!="
87  : 	param t42
88  : 	t43 = call printStr,1
89  : 	param fact
90  : 	param n
91  : 	t44 = call factorial,2
92  : 	param t44
93  : 	t45 = call printInt,1
94  : 	t46 = "\n"
95  : 	param t46
96  : 	t47 = call printStr,1
97  : 	t48 = 0
98  : 	return t48
99  : Function end: main
