**********************************************************************************************************************************
Current Table: global
Parent Table: NULL
Name            Type                                               Category        Initial Value   Size            Offset          Nested Table   
**********************************************************************************************************************************
main            int                                                function                        4               0               main           
----------------------------------------------------------------------------------------------------------------------------------
printStr        int                                                function                        4               4               printStr       
----------------------------------------------------------------------------------------------------------------------------------
factorial       void                                               function                        0               8               factorial      
----------------------------------------------------------------------------------------------------------------------------------
readInt         int                                                function                        4               8               readInt        
----------------------------------------------------------------------------------------------------------------------------------
printInt        int                                                function                        4               12              printInt       
----------------------------------------------------------------------------------------------------------------------------------


**********************************************************************************************************************************
Current Table: main
Parent Table: global
Name            Type                                               Category        Initial Value   Size            Offset          Nested Table   
**********************************************************************************************************************************
t31             int                                                temporary       0               4               0               NULL           
----------------------------------------------------------------------------------------------------------------------------------
t30             int                                                temporary                       4               4               NULL           
----------------------------------------------------------------------------------------------------------------------------------
t29             char*                                              temporary       "\n"            8               8               NULL           
----------------------------------------------------------------------------------------------------------------------------------
t27             char*                                              temporary       ","             8               16              NULL           
----------------------------------------------------------------------------------------------------------------------------------
t25             int                                                temporary                       4               24              NULL           
----------------------------------------------------------------------------------------------------------------------------------
t24             int                                                temporary                       4               28              NULL           
----------------------------------------------------------------------------------------------------------------------------------
return          int                                                local                           4               32              NULL           
----------------------------------------------------------------------------------------------------------------------------------
t14             int                                                temporary                       4               36              NULL           
----------------------------------------------------------------------------------------------------------------------------------
t15             int                                                temporary       11              4               40              NULL           
----------------------------------------------------------------------------------------------------------------------------------
t13             char*                                              temporary       "\nTest file #4\n" 8               44              NULL           
----------------------------------------------------------------------------------------------------------------------------------
t16             char*                                              temporary       "\nPrinting factorials upto 10:\n" 8               52              NULL           
----------------------------------------------------------------------------------------------------------------------------------
t28             int                                                temporary                       4               60              NULL           
----------------------------------------------------------------------------------------------------------------------------------
t26             int                                                temporary       10              4               64              NULL           
----------------------------------------------------------------------------------------------------------------------------------
t17             int                                                temporary                       4               68              NULL           
----------------------------------------------------------------------------------------------------------------------------------
t23             int                                                temporary                       4               72              NULL           
----------------------------------------------------------------------------------------------------------------------------------
t19             void                                               temporary                       0               76              NULL           
----------------------------------------------------------------------------------------------------------------------------------
t22             int                                                temporary                       4               76              NULL           
----------------------------------------------------------------------------------------------------------------------------------
t18             int                                                temporary       11              4               80              NULL           
----------------------------------------------------------------------------------------------------------------------------------
t21             int                                                temporary       10              4               84              NULL           
----------------------------------------------------------------------------------------------------------------------------------
fact            array(11,int)                                      local                           44              88              NULL           
----------------------------------------------------------------------------------------------------------------------------------
i               int                                                local                           4               132             NULL           
----------------------------------------------------------------------------------------------------------------------------------
t20             int                                                temporary       0               4               136             NULL           
----------------------------------------------------------------------------------------------------------------------------------


**********************************************************************************************************************************
Current Table: printStr
Parent Table: global
Name            Type                                               Category        Initial Value   Size            Offset          Nested Table   
**********************************************************************************************************************************
return          int                                                local                           4               0               NULL           
----------------------------------------------------------------------------------------------------------------------------------
s               char*                                              parameter                       8               4               NULL           
----------------------------------------------------------------------------------------------------------------------------------


**********************************************************************************************************************************
Current Table: factorial
Parent Table: global
Name            Type                                               Category        Initial Value   Size            Offset          Nested Table   
**********************************************************************************************************************************
t12             int                                                temporary                       4               0               NULL           
----------------------------------------------------------------------------------------------------------------------------------
fact            int*                                               parameter                       8               4               NULL           
----------------------------------------------------------------------------------------------------------------------------------
i               int                                                local           0               4               12              NULL           
----------------------------------------------------------------------------------------------------------------------------------
t1              int                                                temporary       0               4               16              NULL           
----------------------------------------------------------------------------------------------------------------------------------
t5              int                                                temporary       1               4               20              NULL           
----------------------------------------------------------------------------------------------------------------------------------
t6              int                                                temporary                       4               24              NULL           
----------------------------------------------------------------------------------------------------------------------------------
n               int                                                parameter                       4               28              NULL           
----------------------------------------------------------------------------------------------------------------------------------
t2              int                                                temporary       0               4               32              NULL           
----------------------------------------------------------------------------------------------------------------------------------
t4              int                                                temporary       1               4               36              NULL           
----------------------------------------------------------------------------------------------------------------------------------
t7              int                                                temporary                       4               40              NULL           
----------------------------------------------------------------------------------------------------------------------------------
t10             int                                                temporary                       4               44              NULL           
----------------------------------------------------------------------------------------------------------------------------------
t11             int                                                temporary                       4               48              NULL           
----------------------------------------------------------------------------------------------------------------------------------
t8              int                                                temporary       1               4               52              NULL           
----------------------------------------------------------------------------------------------------------------------------------
t3              int                                                temporary                       4               56              NULL           
----------------------------------------------------------------------------------------------------------------------------------
t9              int                                                temporary                       4               60              NULL           
----------------------------------------------------------------------------------------------------------------------------------


**********************************************************************************************************************************
Current Table: readInt
Parent Table: global
Name            Type                                               Category        Initial Value   Size            Offset          Nested Table   
**********************************************************************************************************************************
return          int                                                local                           4               0               NULL           
----------------------------------------------------------------------------------------------------------------------------------
eP              int*                                               parameter                       8               4               NULL           
----------------------------------------------------------------------------------------------------------------------------------


**********************************************************************************************************************************
Current Table: printInt
Parent Table: global
Name            Type                                               Category        Initial Value   Size            Offset          Nested Table   
**********************************************************************************************************************************
return          int                                                local                           4               0               NULL           
----------------------------------------------------------------------------------------------------------------------------------
n               int                                                parameter                       4               4               NULL           
----------------------------------------------------------------------------------------------------------------------------------


1   : Function start: factorial
2   : 	t1 = 0
3   : 	i = t1
4   : 	t2 = 0
5   : 	t3 = t2 * 4
6   : 	t4 = 1
7   : 	fact[t3] = t4
8   : 	t5 = 1
9   : 	i = t5
10  : 	if i < n goto 15
11  : 	goto 23
12  : 	t6 = i
13  : 	i = i + 1
14  : 	goto 10
15  : 	t7 = i * 4
16  : 	t8 = 1
17  : 	t9 = i - t8
18  : 	t10 = t9 * 4
19  : 	t11 = fact[t10]
20  : 	t12 = t11 * i
21  : 	fact[t7] = t12
22  : 	goto 12
23  : Function end: factorial
24  : Function start: main
25  : 	t13 = "\nTest file #4\n"
26  : 	param t13
27  : 	t14 = call printStr,1
28  : 	t15 = 11
29  : 	t16 = "\nPrinting factorials upto 10:\n"
30  : 	param t16
31  : 	t17 = call printStr,1
32  : 	param fact
33  : 	t18 = 11
34  : 	param t18
35  : 	t19 = call factorial,2
36  : 	t20 = 0
37  : 	i = t20
38  : 	t21 = 10
39  : 	if i <= t21 goto 44
40  : 	goto 56
41  : 	t22 = i
42  : 	i = i + 1
43  : 	goto 38
44  : 	t23 = i * 4
45  : 	t24 = fact[t23]
46  : 	param t24
47  : 	t25 = call printInt,1
48  : 	t26 = 10
49  : 	if i < t26 goto 51
50  : 	goto 41
51  : 	t27 = ","
52  : 	param t27
53  : 	t28 = call printStr,1
54  : 	goto 41
55  : 	goto 41
56  : 	t29 = "\n"
57  : 	param t29
58  : 	t30 = call printStr,1
59  : 	t31 = 0
60  : 	return t31
61  : Function end: main
