**********************************************************************************************************************************
Current Table: global
Parent Table: NULL
Name            Type                                               Category        Initial Value   Size            Offset          Nested Table   
**********************************************************************************************************************************
main            int                                                function                        4               0               main           
----------------------------------------------------------------------------------------------------------------------------------
printStr        int                                                function                        4               4               printStr       
----------------------------------------------------------------------------------------------------------------------------------
readInt         int                                                function                        4               8               readInt        
----------------------------------------------------------------------------------------------------------------------------------
printInt        int                                                function                        4               12              printInt       
----------------------------------------------------------------------------------------------------------------------------------


**********************************************************************************************************************************
Current Table: main
Parent Table: global
Name            Type                                               Category        Initial Value   Size            Offset          Nested Table   
**********************************************************************************************************************************
t78             int                                                temporary       0               4               0               NULL           
----------------------------------------------------------------------------------------------------------------------------------
t77             int                                                temporary                       4               4               NULL           
----------------------------------------------------------------------------------------------------------------------------------
t76             char*                                              temporary       "\n"            8               8               NULL           
----------------------------------------------------------------------------------------------------------------------------------
t71             int                                                temporary                       4               16              NULL           
----------------------------------------------------------------------------------------------------------------------------------
t70             char*                                              temporary       "\ny3 = "       8               20              NULL           
----------------------------------------------------------------------------------------------------------------------------------
t68             int                                                temporary                       4               28              NULL           
----------------------------------------------------------------------------------------------------------------------------------
t67             char*                                              temporary       "\ny2 = "       8               32              NULL           
----------------------------------------------------------------------------------------------------------------------------------
t65             int                                                temporary                       4               40              NULL           
----------------------------------------------------------------------------------------------------------------------------------
t64             char*                                              temporary       "\ny1 = "       8               44              NULL           
----------------------------------------------------------------------------------------------------------------------------------
t63             int                                                temporary                       4               52              NULL           
----------------------------------------------------------------------------------------------------------------------------------
t62             int                                                temporary                       4               56              NULL           
----------------------------------------------------------------------------------------------------------------------------------
t61             char*                                              temporary       "\nx6 = "       8               60              NULL           
----------------------------------------------------------------------------------------------------------------------------------
t60             int                                                temporary                       4               68              NULL           
----------------------------------------------------------------------------------------------------------------------------------
t55             char*                                              temporary       "\nx4 = "       8               72              NULL           
----------------------------------------------------------------------------------------------------------------------------------
t57             int                                                temporary                       4               80              NULL           
----------------------------------------------------------------------------------------------------------------------------------
t54             int                                                temporary                       4               84              NULL           
----------------------------------------------------------------------------------------------------------------------------------
t52             char*                                              temporary       "\nx3 = "       8               88              NULL           
----------------------------------------------------------------------------------------------------------------------------------
t51             int                                                temporary                       4               96              NULL           
----------------------------------------------------------------------------------------------------------------------------------
t50             int                                                temporary                       4               100             NULL           
----------------------------------------------------------------------------------------------------------------------------------
t49             char*                                              temporary       "\nx2 = "       8               104             NULL           
----------------------------------------------------------------------------------------------------------------------------------
t75             int                                                temporary                       4               112             NULL           
----------------------------------------------------------------------------------------------------------------------------------
t48             int                                                temporary                       4               116             NULL           
----------------------------------------------------------------------------------------------------------------------------------
y2              int                                                local                           4               120             NULL           
----------------------------------------------------------------------------------------------------------------------------------
t66             int                                                temporary                       4               124             NULL           
----------------------------------------------------------------------------------------------------------------------------------
t1              char*                                              temporary       "\nTest file #3\n" 8               128             NULL           
----------------------------------------------------------------------------------------------------------------------------------
t12             int                                                temporary                       4               136             NULL           
----------------------------------------------------------------------------------------------------------------------------------
y1              int                                                local                           4               140             NULL           
----------------------------------------------------------------------------------------------------------------------------------
t14             int                                                temporary                       4               144             NULL           
----------------------------------------------------------------------------------------------------------------------------------
a               int                                                local           2               4               148             NULL           
----------------------------------------------------------------------------------------------------------------------------------
t59             int                                                temporary                       4               152             NULL           
----------------------------------------------------------------------------------------------------------------------------------
t32             int                                                temporary                       4               156             NULL           
----------------------------------------------------------------------------------------------------------------------------------
t43             char*                                              temporary       "\nc = "        8               160             NULL           
----------------------------------------------------------------------------------------------------------------------------------
t25             int                                                temporary                       4               168             NULL           
----------------------------------------------------------------------------------------------------------------------------------
t74             int                                                temporary                       4               172             NULL           
----------------------------------------------------------------------------------------------------------------------------------
x5              int                                                local                           4               176             NULL           
----------------------------------------------------------------------------------------------------------------------------------
x4              int                                                local                           4               180             NULL           
----------------------------------------------------------------------------------------------------------------------------------
t47             int                                                temporary                       4               184             NULL           
----------------------------------------------------------------------------------------------------------------------------------
t18             int                                                temporary                       4               188             NULL           
----------------------------------------------------------------------------------------------------------------------------------
x3              int                                                local                           4               192             NULL           
----------------------------------------------------------------------------------------------------------------------------------
t41             int                                                temporary                       4               196             NULL           
----------------------------------------------------------------------------------------------------------------------------------
t8              int                                                temporary                       4               200             NULL           
----------------------------------------------------------------------------------------------------------------------------------
t56             int                                                temporary                       4               204             NULL           
----------------------------------------------------------------------------------------------------------------------------------
t15             int                                                temporary                       4               208             NULL           
----------------------------------------------------------------------------------------------------------------------------------
t2              int                                                temporary                       4               212             NULL           
----------------------------------------------------------------------------------------------------------------------------------
t17             int                                                temporary                       4               216             NULL           
----------------------------------------------------------------------------------------------------------------------------------
return          int                                                local                           4               220             NULL           
----------------------------------------------------------------------------------------------------------------------------------
t42             int                                                temporary                       4               224             NULL           
----------------------------------------------------------------------------------------------------------------------------------
x2              int                                                local                           4               228             NULL           
----------------------------------------------------------------------------------------------------------------------------------
x1              int                                                local                           4               232             NULL           
----------------------------------------------------------------------------------------------------------------------------------
t73             char*                                              temporary       "\ny4 = "       8               236             NULL           
----------------------------------------------------------------------------------------------------------------------------------
x6              int                                                local           5               4               244             NULL           
----------------------------------------------------------------------------------------------------------------------------------
t16             int                                                temporary                       4               248             NULL           
----------------------------------------------------------------------------------------------------------------------------------
t46             char*                                              temporary       "\nx1 = "       8               252             NULL           
----------------------------------------------------------------------------------------------------------------------------------
t13             int                                                temporary                       4               260             NULL           
----------------------------------------------------------------------------------------------------------------------------------
t10             int                                                temporary                       4               264             NULL           
----------------------------------------------------------------------------------------------------------------------------------
t11             int                                                temporary                       4               268             NULL           
----------------------------------------------------------------------------------------------------------------------------------
t7              int                                                temporary                       4               272             NULL           
----------------------------------------------------------------------------------------------------------------------------------
t9              int                                                temporary                       4               276             NULL           
----------------------------------------------------------------------------------------------------------------------------------
t3              int                                                temporary       2               4               280             NULL           
----------------------------------------------------------------------------------------------------------------------------------
t53             int                                                temporary                       4               284             NULL           
----------------------------------------------------------------------------------------------------------------------------------
t26             int                                                temporary                       4               288             NULL           
----------------------------------------------------------------------------------------------------------------------------------
b               int                                                local           36              4               292             NULL           
----------------------------------------------------------------------------------------------------------------------------------
t38             int                                                temporary                       4               296             NULL           
----------------------------------------------------------------------------------------------------------------------------------
t6              int                                                temporary       3               4               300             NULL           
----------------------------------------------------------------------------------------------------------------------------------
t4              int                                                temporary       36              4               304             NULL           
----------------------------------------------------------------------------------------------------------------------------------
c               int                                                local           5               4               308             NULL           
----------------------------------------------------------------------------------------------------------------------------------
t5              int                                                temporary       5               4               312             NULL           
----------------------------------------------------------------------------------------------------------------------------------
y3              int                                                local                           4               316             NULL           
----------------------------------------------------------------------------------------------------------------------------------
t21             int                                                temporary       72              4               320             NULL           
----------------------------------------------------------------------------------------------------------------------------------
t20             int                                                temporary                       4               324             NULL           
----------------------------------------------------------------------------------------------------------------------------------
t22             int                                                temporary                       4               328             NULL           
----------------------------------------------------------------------------------------------------------------------------------
t19             int                                                temporary       52              4               332             NULL           
----------------------------------------------------------------------------------------------------------------------------------
t23             int                                                temporary                       4               336             NULL           
----------------------------------------------------------------------------------------------------------------------------------
t24             int                                                temporary       36              4               340             NULL           
----------------------------------------------------------------------------------------------------------------------------------
t29             int                                                temporary                       4               344             NULL           
----------------------------------------------------------------------------------------------------------------------------------
t27             int                                                temporary                       4               348             NULL           
----------------------------------------------------------------------------------------------------------------------------------
t58             char*                                              temporary       "\nx5 = "       8               352             NULL           
----------------------------------------------------------------------------------------------------------------------------------
t28             int                                                temporary                       4               360             NULL           
----------------------------------------------------------------------------------------------------------------------------------
t36             int                                                temporary                       4               364             NULL           
----------------------------------------------------------------------------------------------------------------------------------
t33             int                                                temporary                       4               368             NULL           
----------------------------------------------------------------------------------------------------------------------------------
y4              int                                                local                           4               372             NULL           
----------------------------------------------------------------------------------------------------------------------------------
t30             int                                                temporary                       4               376             NULL           
----------------------------------------------------------------------------------------------------------------------------------
t72             int                                                temporary                       4               380             NULL           
----------------------------------------------------------------------------------------------------------------------------------
t31             int                                                temporary                       4               384             NULL           
----------------------------------------------------------------------------------------------------------------------------------
t35             int                                                temporary                       4               388             NULL           
----------------------------------------------------------------------------------------------------------------------------------
t37             char*                                              temporary       "\na = "        8               392             NULL           
----------------------------------------------------------------------------------------------------------------------------------
t69             int                                                temporary                       4               400             NULL           
----------------------------------------------------------------------------------------------------------------------------------
t34             int                                                temporary                       4               404             NULL           
----------------------------------------------------------------------------------------------------------------------------------
t39             int                                                temporary                       4               408             NULL           
----------------------------------------------------------------------------------------------------------------------------------
t40             char*                                              temporary       "\nb = "        8               412             NULL           
----------------------------------------------------------------------------------------------------------------------------------
t44             int                                                temporary                       4               420             NULL           
----------------------------------------------------------------------------------------------------------------------------------
t45             int                                                temporary                       4               424             NULL           
----------------------------------------------------------------------------------------------------------------------------------


**********************************************************************************************************************************
Current Table: printStr
Parent Table: global
Name            Type                                               Category        Initial Value   Size            Offset          Nested Table   
**********************************************************************************************************************************
return          int                                                local                           4               0               NULL           
----------------------------------------------------------------------------------------------------------------------------------
s               char*                                              parameter                       8               4               NULL           
----------------------------------------------------------------------------------------------------------------------------------


**********************************************************************************************************************************
Current Table: readInt
Parent Table: global
Name            Type                                               Category        Initial Value   Size            Offset          Nested Table   
**********************************************************************************************************************************
return          int                                                local                           4               0               NULL           
----------------------------------------------------------------------------------------------------------------------------------
eP              int*                                               parameter                       8               4               NULL           
----------------------------------------------------------------------------------------------------------------------------------


**********************************************************************************************************************************
Current Table: printInt
Parent Table: global
Name            Type                                               Category        Initial Value   Size            Offset          Nested Table   
**********************************************************************************************************************************
return          int                                                local                           4               0               NULL           
----------------------------------------------------------------------------------------------------------------------------------
n               int                                                parameter                       4               4               NULL           
----------------------------------------------------------------------------------------------------------------------------------


1   : Function start: main
2   : 	t1 = "\nTest file #3\n"
3   : 	param t1
4   : 	t2 = call printStr,1
5   : 	t3 = 2
6   : 	a = t3
7   : 	t4 = 36
8   : 	b = t4
9   : 	t5 = 5
10  : 	c = t5
11  : 	t6 = 3
12  : 	a = t6
13  : 	t7 = a + b
14  : 	x1 = t7
15  : 	t8 = b - c
16  : 	x2 = t8
17  : 	t9 = b / c
18  : 	x3 = t9
19  : 	t10 = a * c
20  : 	x4 = t10
21  : 	t11 = a
22  : 	a = a - 1
23  : 	x5 = t11
24  : 	c = c + 1
25  : 	x6 = c
26  : 	t12 = c
27  : 	c = c - 1
28  : 	a = a + 1
29  : 	t13 = t12 + a
30  : 	y1 = t13
31  : 	t14 = -a
32  : 	t15 = t14 + b
33  : 	t16 = t15 - c
34  : 	t17 = t16 % x1
35  : 	y2 = t17
36  : 	t18 = a / c
37  : 	t19 = 52
38  : 	t20 = t18 - t19
39  : 	t21 = 72
40  : 	t22 = t21 / b
41  : 	t23 = t20 + t22
42  : 	t24 = 36
43  : 	t25 = a * a
44  : 	t26 = b - t25
45  : 	t27 = t24 % t26
46  : 	t28 = t23 + t27
47  : 	y3 = t28
48  : 	t29 = a * a
49  : 	t30 = y1 - x2
50  : 	t31 = x4 - c
51  : 	t32 = t30 * t31
52  : 	t33 = t29 + t32
53  : 	t34 = c - b
54  : 	t35 = x3 / t34
55  : 	t36 = t33 + t35
56  : 	y4 = t36
57  : 	t37 = "\na = "
58  : 	param t37
59  : 	t38 = call printStr,1
60  : 	param a
61  : 	t39 = call printInt,1
62  : 	t40 = "\nb = "
63  : 	param t40
64  : 	t41 = call printStr,1
65  : 	param b
66  : 	t42 = call printInt,1
67  : 	t43 = "\nc = "
68  : 	param t43
69  : 	t44 = call printStr,1
70  : 	param c
71  : 	t45 = call printInt,1
72  : 	t46 = "\nx1 = "
73  : 	param t46
74  : 	t47 = call printStr,1
75  : 	param x1
76  : 	t48 = call printInt,1
77  : 	t49 = "\nx2 = "
78  : 	param t49
79  : 	t50 = call printStr,1
80  : 	param x2
81  : 	t51 = call printInt,1
82  : 	t52 = "\nx3 = "
83  : 	param t52
84  : 	t53 = call printStr,1
85  : 	param x3
86  : 	t54 = call printInt,1
87  : 	t55 = "\nx4 = "
88  : 	param t55
89  : 	t56 = call printStr,1
90  : 	param x4
91  : 	t57 = call printInt,1
92  : 	t58 = "\nx5 = "
93  : 	param t58
94  : 	t59 = call printStr,1
95  : 	param x5
96  : 	t60 = call printInt,1
97  : 	t61 = "\nx6 = "
98  : 	param t61
99  : 	t62 = call printStr,1
100 : 	param x6
101 : 	t63 = call printInt,1
102 : 	t64 = "\ny1 = "
103 : 	param t64
104 : 	t65 = call printStr,1
105 : 	param y1
106 : 	t66 = call printInt,1
107 : 	t67 = "\ny2 = "
108 : 	param t67
109 : 	t68 = call printStr,1
110 : 	param y2
111 : 	t69 = call printInt,1
112 : 	t70 = "\ny3 = "
113 : 	param t70
114 : 	t71 = call printStr,1
115 : 	param y3
116 : 	t72 = call printInt,1
117 : 	t73 = "\ny4 = "
118 : 	param t73
119 : 	t74 = call printStr,1
120 : 	param y4
121 : 	t75 = call printInt,1
122 : 	t76 = "\n"
123 : 	param t76
124 : 	t77 = call printStr,1
125 : 	t78 = 0
126 : 	return t78
127 : Function end: main
