**********************************************************************************************************************************
Current Table: global
Parent Table: NULL
Name            Type                                               Category        Initial Value   Size            Offset          Nested Table   
**********************************************************************************************************************************
main            int                                                function                        4               0               main           
----------------------------------------------------------------------------------------------------------------------------------
printStr        int                                                function                        4               4               printStr       
----------------------------------------------------------------------------------------------------------------------------------
readInt         int                                                function                        4               8               readInt        
----------------------------------------------------------------------------------------------------------------------------------
printInt        int                                                function                        4               12              printInt       
----------------------------------------------------------------------------------------------------------------------------------


**********************************************************************************************************************************
Current Table: main
Parent Table: global
Name            Type                                               Category        Initial Value   Size            Offset          Nested Table   
**********************************************************************************************************************************
t30             int                                                temporary                       4               0               NULL           
----------------------------------------------------------------------------------------------------------------------------------
t28             int                                                temporary                       4               4               NULL           
----------------------------------------------------------------------------------------------------------------------------------
t27             char*                                              temporary       "\n!= op failed" 8               8               NULL           
----------------------------------------------------------------------------------------------------------------------------------
t9              char*                                              temporary       "\n< op passed" 8               16              NULL           
----------------------------------------------------------------------------------------------------------------------------------
t8              int                                                temporary                       4               24              NULL           
----------------------------------------------------------------------------------------------------------------------------------
t11             char*                                              temporary       "\n< op failed" 8               28              NULL           
----------------------------------------------------------------------------------------------------------------------------------
t10             int                                                temporary                       4               36              NULL           
----------------------------------------------------------------------------------------------------------------------------------
t7              char*                                              temporary       "\n> op failed" 8               40              NULL           
----------------------------------------------------------------------------------------------------------------------------------
t13             char*                                              temporary       "\n>= op passed" 8               48              NULL           
----------------------------------------------------------------------------------------------------------------------------------
t16             int                                                temporary                       4               56              NULL           
----------------------------------------------------------------------------------------------------------------------------------
t5              char*                                              temporary       "\n> op passed" 8               60              NULL           
----------------------------------------------------------------------------------------------------------------------------------
one             int                                                local                           4               68              NULL           
----------------------------------------------------------------------------------------------------------------------------------
t6              int                                                temporary                       4               72              NULL           
----------------------------------------------------------------------------------------------------------------------------------
t4              int                                                temporary       0               4               76              NULL           
----------------------------------------------------------------------------------------------------------------------------------
t31             int                                                temporary       0               4               80              NULL           
----------------------------------------------------------------------------------------------------------------------------------
zero            int                                                local                           4               84              NULL           
----------------------------------------------------------------------------------------------------------------------------------
t2              int                                                temporary                       4               88              NULL           
----------------------------------------------------------------------------------------------------------------------------------
t15             char*                                              temporary       "\n> op failed" 8               92              NULL           
----------------------------------------------------------------------------------------------------------------------------------
t1              char*                                              temporary       "\nTest file #6\n" 8               100             NULL           
----------------------------------------------------------------------------------------------------------------------------------
return          int                                                local                           4               108             NULL           
----------------------------------------------------------------------------------------------------------------------------------
t12             int                                                temporary                       4               112             NULL           
----------------------------------------------------------------------------------------------------------------------------------
t29             char*                                              temporary       "\n"            8               116             NULL           
----------------------------------------------------------------------------------------------------------------------------------
t24             int                                                temporary                       4               124             NULL           
----------------------------------------------------------------------------------------------------------------------------------
t14             int                                                temporary                       4               128             NULL           
----------------------------------------------------------------------------------------------------------------------------------
t17             char*                                              temporary       "\n<= op passed" 8               132             NULL           
----------------------------------------------------------------------------------------------------------------------------------
t3              int                                                temporary       1               4               140             NULL           
----------------------------------------------------------------------------------------------------------------------------------
t26             int                                                temporary                       4               144             NULL           
----------------------------------------------------------------------------------------------------------------------------------
t18             int                                                temporary                       4               148             NULL           
----------------------------------------------------------------------------------------------------------------------------------
t21             char*                                              temporary       "\n== op passed" 8               152             NULL           
----------------------------------------------------------------------------------------------------------------------------------
t19             char*                                              temporary       "\n< op failed" 8               160             NULL           
----------------------------------------------------------------------------------------------------------------------------------
t22             int                                                temporary                       4               168             NULL           
----------------------------------------------------------------------------------------------------------------------------------
t23             char*                                              temporary       "\n== op failed" 8               172             NULL           
----------------------------------------------------------------------------------------------------------------------------------
t20             int                                                temporary                       4               180             NULL           
----------------------------------------------------------------------------------------------------------------------------------
t25             char*                                              temporary       "\n!= op passed" 8               184             NULL           
----------------------------------------------------------------------------------------------------------------------------------


**********************************************************************************************************************************
Current Table: printStr
Parent Table: global
Name            Type                                               Category        Initial Value   Size            Offset          Nested Table   
**********************************************************************************************************************************
return          int                                                local                           4               0               NULL           
----------------------------------------------------------------------------------------------------------------------------------
s               char*                                              parameter                       8               4               NULL           
----------------------------------------------------------------------------------------------------------------------------------


**********************************************************************************************************************************
Current Table: readInt
Parent Table: global
Name            Type                                               Category        Initial Value   Size            Offset          Nested Table   
**********************************************************************************************************************************
return          int                                                local                           4               0               NULL           
----------------------------------------------------------------------------------------------------------------------------------
eP              int*                                               parameter                       8               4               NULL           
----------------------------------------------------------------------------------------------------------------------------------


**********************************************************************************************************************************
Current Table: printInt
Parent Table: global
Name            Type                                               Category        Initial Value   Size            Offset          Nested Table   
**********************************************************************************************************************************
return          int                                                local                           4               0               NULL           
----------------------------------------------------------------------------------------------------------------------------------
n               int                                                parameter                       4               4               NULL           
----------------------------------------------------------------------------------------------------------------------------------


1   : Function start: main
2   : 	t1 = "\nTest file #6\n"
3   : 	param t1
4   : 	t2 = call printStr,1
5   : 	t3 = 1
6   : 	one = t3
7   : 	t4 = 0
8   : 	zero = t4
9   : 	if one > zero goto 11
10  : 	goto 15
11  : 	t5 = "\n> op passed"
12  : 	param t5
13  : 	t6 = call printStr,1
14  : 	goto 18
15  : 	t7 = "\n> op failed"
16  : 	param t7
17  : 	t8 = call printStr,1
18  : 	if zero < one goto 20
19  : 	goto 24
20  : 	t9 = "\n< op passed"
21  : 	param t9
22  : 	t10 = call printStr,1
23  : 	goto 27
24  : 	t11 = "\n< op failed"
25  : 	param t11
26  : 	t12 = call printStr,1
27  : 	if one >= one goto 29
28  : 	goto 35
29  : 	if one >= zero goto 31
30  : 	goto 35
31  : 	t13 = "\n>= op passed"
32  : 	param t13
33  : 	t14 = call printStr,1
34  : 	goto 38
35  : 	t15 = "\n> op failed"
36  : 	param t15
37  : 	t16 = call printStr,1
38  : 	if zero <= one goto 40
39  : 	goto 46
40  : 	if zero <= zero goto 42
41  : 	goto 46
42  : 	t17 = "\n<= op passed"
43  : 	param t17
44  : 	t18 = call printStr,1
45  : 	goto 49
46  : 	t19 = "\n< op failed"
47  : 	param t19
48  : 	t20 = call printStr,1
49  : 	if one == one goto 51
50  : 	goto 55
51  : 	t21 = "\n== op passed"
52  : 	param t21
53  : 	t22 = call printStr,1
54  : 	goto 58
55  : 	t23 = "\n== op failed"
56  : 	param t23
57  : 	t24 = call printStr,1
58  : 	if one != zero goto 60
59  : 	goto 64
60  : 	t25 = "\n!= op passed"
61  : 	param t25
62  : 	t26 = call printStr,1
63  : 	goto 67
64  : 	t27 = "\n!= op failed"
65  : 	param t27
66  : 	t28 = call printStr,1
67  : 	t29 = "\n"
68  : 	param t29
69  : 	t30 = call printStr,1
70  : 	t31 = 0
71  : 	return t31
72  : Function end: main
