**********************************************************************************************************************************
Current Table: global
Parent Table: NULL
Name            Type                                               Category        Initial Value   Size            Offset          Nested Table   
**********************************************************************************************************************************
main            int                                                function                        4               0               main           
----------------------------------------------------------------------------------------------------------------------------------
printStr        int                                                function                        4               4               printStr       
----------------------------------------------------------------------------------------------------------------------------------
readInt         int                                                function                        4               8               readInt        
----------------------------------------------------------------------------------------------------------------------------------
printInt        int                                                function                        4               12              printInt       
----------------------------------------------------------------------------------------------------------------------------------


**********************************************************************************************************************************
Current Table: main
Parent Table: global
Name            Type                                               Category        Initial Value   Size            Offset          Nested Table   
**********************************************************************************************************************************
t36             int                                                temporary       0               4               0               NULL           
----------------------------------------------------------------------------------------------------------------------------------
t35             int                                                temporary                       4               4               NULL           
----------------------------------------------------------------------------------------------------------------------------------
t34             char*                                              temporary       "\n"            8               8               NULL           
----------------------------------------------------------------------------------------------------------------------------------
t31             int                                                temporary                       4               16              NULL           
----------------------------------------------------------------------------------------------------------------------------------
t30             char*                                              temporary       "ReadInt failed" 8               20              NULL           
----------------------------------------------------------------------------------------------------------------------------------
t28             int                                                temporary                       4               28              NULL           
----------------------------------------------------------------------------------------------------------------------------------
t27             int                                                temporary                       4               32              NULL           
----------------------------------------------------------------------------------------------------------------------------------
t25             int                                                temporary                       4               36              NULL           
----------------------------------------------------------------------------------------------------------------------------------
t9              int                                                temporary                       4               40              NULL           
----------------------------------------------------------------------------------------------------------------------------------
t8              int                                                temporary       10              4               44              NULL           
----------------------------------------------------------------------------------------------------------------------------------
t11             int                                                temporary                       4               48              NULL           
----------------------------------------------------------------------------------------------------------------------------------
t7              int                                                temporary       0               4               52              NULL           
----------------------------------------------------------------------------------------------------------------------------------
t10             int                                                temporary                       4               56              NULL           
----------------------------------------------------------------------------------------------------------------------------------
t13             int                                                temporary                       4               60              NULL           
----------------------------------------------------------------------------------------------------------------------------------
t16             int                                                temporary       100             4               64              NULL           
----------------------------------------------------------------------------------------------------------------------------------
t4              int                                                temporary       0               4               68              NULL           
----------------------------------------------------------------------------------------------------------------------------------
j               int                                                local           0               4               72              NULL           
----------------------------------------------------------------------------------------------------------------------------------
t5              int                                                temporary       10              4               76              NULL           
----------------------------------------------------------------------------------------------------------------------------------
t6              int                                                temporary                       4               80              NULL           
----------------------------------------------------------------------------------------------------------------------------------
t26             char*                                              temporary       "\nYou entered: " 8               84              NULL           
----------------------------------------------------------------------------------------------------------------------------------
t3              int                                                temporary       0               4               92              NULL           
----------------------------------------------------------------------------------------------------------------------------------
i               int                                                local                           4               96              NULL           
----------------------------------------------------------------------------------------------------------------------------------
n               int                                                local           0               4               100             NULL           
----------------------------------------------------------------------------------------------------------------------------------
t15             int                                                temporary                       4               104             NULL           
----------------------------------------------------------------------------------------------------------------------------------
t1              char*                                              temporary       "\nTest file #5\n" 8               108             NULL           
----------------------------------------------------------------------------------------------------------------------------------
return          int                                                local                           4               116             NULL           
----------------------------------------------------------------------------------------------------------------------------------
t12             char*                                              temporary       " "             8               120             NULL           
----------------------------------------------------------------------------------------------------------------------------------
t33             int                                                temporary       0               4               128             NULL           
----------------------------------------------------------------------------------------------------------------------------------
t29             int                                                temporary       0               4               132             NULL           
----------------------------------------------------------------------------------------------------------------------------------
t24             int*                                               temporary                       8               136             NULL           
----------------------------------------------------------------------------------------------------------------------------------
t32             int                                                temporary       0               4               144             NULL           
----------------------------------------------------------------------------------------------------------------------------------
t14             char*                                              temporary       "\n"            8               148             NULL           
----------------------------------------------------------------------------------------------------------------------------------
t17             char*                                              temporary       "\nFor loop failed" 8               156             NULL           
----------------------------------------------------------------------------------------------------------------------------------
t18             int                                                temporary                       4               164             NULL           
----------------------------------------------------------------------------------------------------------------------------------
t22             char*                                              temporary       "\nEnter any integer (0 terminates the process): " 8               168             NULL           
----------------------------------------------------------------------------------------------------------------------------------
t23             int                                                temporary                       4               176             NULL           
----------------------------------------------------------------------------------------------------------------------------------
t20             int                                                temporary                       4               180             NULL           
----------------------------------------------------------------------------------------------------------------------------------
t19             char*                                              temporary       "\nFor loop passed" 8               184             NULL           
----------------------------------------------------------------------------------------------------------------------------------
t21             int                                                temporary       0               4               192             NULL           
----------------------------------------------------------------------------------------------------------------------------------
t2              int                                                temporary                       4               196             NULL           
----------------------------------------------------------------------------------------------------------------------------------
check           int                                                local                           4               200             NULL           
----------------------------------------------------------------------------------------------------------------------------------


**********************************************************************************************************************************
Current Table: printStr
Parent Table: global
Name            Type                                               Category        Initial Value   Size            Offset          Nested Table   
**********************************************************************************************************************************
return          int                                                local                           4               0               NULL           
----------------------------------------------------------------------------------------------------------------------------------
s               char*                                              parameter                       8               4               NULL           
----------------------------------------------------------------------------------------------------------------------------------


**********************************************************************************************************************************
Current Table: readInt
Parent Table: global
Name            Type                                               Category        Initial Value   Size            Offset          Nested Table   
**********************************************************************************************************************************
return          int                                                local                           4               0               NULL           
----------------------------------------------------------------------------------------------------------------------------------
eP              int*                                               parameter                       8               4               NULL           
----------------------------------------------------------------------------------------------------------------------------------


**********************************************************************************************************************************
Current Table: printInt
Parent Table: global
Name            Type                                               Category        Initial Value   Size            Offset          Nested Table   
**********************************************************************************************************************************
return          int                                                local                           4               0               NULL           
----------------------------------------------------------------------------------------------------------------------------------
n               int                                                parameter                       4               4               NULL           
----------------------------------------------------------------------------------------------------------------------------------


1   : Function start: main
2   : 	t1 = "\nTest file #5\n"
3   : 	param t1
4   : 	t2 = call printStr,1
5   : 	t3 = 0
6   : 	n = t3
7   : 	t4 = 0
8   : 	i = t4
9   : 	t5 = 10
10  : 	if i < t5 goto 15
11  : 	goto 34
12  : 	t6 = i
13  : 	i = i + 1
14  : 	goto 9
15  : 	t7 = 0
16  : 	j = t7
17  : 	t8 = 10
18  : 	if j < t8 goto 20
19  : 	goto 30
20  : 	param n
21  : 	t9 = call printInt,1
22  : 	t10 = n
23  : 	n = n + 1
24  : 	t11 = j
25  : 	j = j + 1
26  : 	t12 = " "
27  : 	param t12
28  : 	t13 = call printStr,1
29  : 	goto 17
30  : 	t14 = "\n"
31  : 	param t14
32  : 	t15 = call printStr,1
33  : 	goto 12
34  : 	t16 = 100
35  : 	if n != t16 goto 37
36  : 	goto 41
37  : 	t17 = "\nFor loop failed"
38  : 	param t17
39  : 	t18 = call printStr,1
40  : 	goto 44
41  : 	t19 = "\nFor loop passed"
42  : 	param t19
43  : 	t20 = call printStr,1
44  : 	t21 = 0
45  : 	n = t21
46  : 	t22 = "\nEnter any integer (0 terminates the process): "
47  : 	param t22
48  : 	t23 = call printStr,1
49  : 	t24 = &check
50  : 	param t24
51  : 	t25 = call readInt,1
52  : 	n = t25
53  : 	t26 = "\nYou entered: "
54  : 	param t26
55  : 	t27 = call printStr,1
56  : 	param n
57  : 	t28 = call printInt,1
58  : 	t29 = 0
59  : 	if check == t29 goto 61
60  : 	goto 67
61  : 	t30 = "ReadInt failed"
62  : 	param t30
63  : 	t31 = call printStr,1
64  : 	t32 = 0
65  : 	return t32
66  : 	goto 67
67  : 	t33 = 0
68  : 	if n != t33 goto 46
69  : 	goto 70
70  : 	t34 = "\n"
71  : 	param t34
72  : 	t35 = call printStr,1
73  : 	t36 = 0
74  : 	return t36
75  : Function end: main
