Error in line70 --> Type error.
**********************************************************************************************************************************
Current Table: global
Parent Table: NULL
Name            Type                                               Category        Initial Value   Size            Offset          Nested Table   
**********************************************************************************************************************************
main            int                                                function                        4               0               main           
----------------------------------------------------------------------------------------------------------------------------------
return_char_star char*                                              function                        8               4               return_char_star
----------------------------------------------------------------------------------------------------------------------------------
return_int_star int*                                               function                        8               12              return_int_star
----------------------------------------------------------------------------------------------------------------------------------
return_int      int                                                function                        4               20              return_int     
----------------------------------------------------------------------------------------------------------------------------------
return_char     char                                               function                        1               24              return_char    
----------------------------------------------------------------------------------------------------------------------------------
printStr        int                                                function                        4               25              printStr       
----------------------------------------------------------------------------------------------------------------------------------
readInt         int                                                function                        4               29              readInt        
----------------------------------------------------------------------------------------------------------------------------------
printInt        int                                                function                        4               33              printInt       
----------------------------------------------------------------------------------------------------------------------------------


**********************************************************************************************************************************
Current Table: main
Parent Table: global
Name            Type                                               Category        Initial Value   Size            Offset          Nested Table   
**********************************************************************************************************************************
t68             int                                                temporary       0               4               0               NULL           
----------------------------------------------------------------------------------------------------------------------------------
t41             int                                                temporary                       4               4               NULL           
----------------------------------------------------------------------------------------------------------------------------------
t49             char                                               temporary                       1               8               NULL           
----------------------------------------------------------------------------------------------------------------------------------
returned_char_star char*                                              local                           8               9               NULL           
----------------------------------------------------------------------------------------------------------------------------------
t40             char*                                              temporary       "\nSuccess"     8               17              NULL           
----------------------------------------------------------------------------------------------------------------------------------
t44             int*                                               temporary                       8               25              NULL           
----------------------------------------------------------------------------------------------------------------------------------
t38             int                                                temporary       0               4               33              NULL           
----------------------------------------------------------------------------------------------------------------------------------
t36             char                                               temporary                       1               37              NULL           
----------------------------------------------------------------------------------------------------------------------------------
t39             int                                                temporary                       4               38              NULL           
----------------------------------------------------------------------------------------------------------------------------------
t34             int                                                temporary                       4               42              NULL           
----------------------------------------------------------------------------------------------------------------------------------
t31             int                                                temporary                       4               46              NULL           
----------------------------------------------------------------------------------------------------------------------------------
t64             char*                                              temporary       "\nFailure"     8               50              NULL           
----------------------------------------------------------------------------------------------------------------------------------
t29             int                                                temporary       26              4               58              NULL           
----------------------------------------------------------------------------------------------------------------------------------
t30             int                                                temporary                       4               62              NULL           
----------------------------------------------------------------------------------------------------------------------------------
t33             char*                                              temporary       " "             8               66              NULL           
----------------------------------------------------------------------------------------------------------------------------------
t24             int*                                               temporary                       8               74              NULL           
----------------------------------------------------------------------------------------------------------------------------------
t52             char*                                              temporary       "\nFailure"     8               82              NULL           
----------------------------------------------------------------------------------------------------------------------------------
t55             char*                                              temporary                       8               90              NULL           
----------------------------------------------------------------------------------------------------------------------------------
t21             char*                                              temporary       "\nTest file #1\n" 8               98              NULL           
----------------------------------------------------------------------------------------------------------------------------------
returned_char_array char*                                              local                           8               106             NULL           
----------------------------------------------------------------------------------------------------------------------------------
t23             int                                                temporary       1               4               114             NULL           
----------------------------------------------------------------------------------------------------------------------------------
t51             int                                                temporary                       4               118             NULL           
----------------------------------------------------------------------------------------------------------------------------------
t22             int                                                temporary                       4               122             NULL           
----------------------------------------------------------------------------------------------------------------------------------
returned_int_star int*                                               local                           8               126             NULL           
----------------------------------------------------------------------------------------------------------------------------------
nc              char*                                              local                           8               134             NULL           
----------------------------------------------------------------------------------------------------------------------------------
t26             char*                                              temporary                       8               142             NULL           
----------------------------------------------------------------------------------------------------------------------------------
t53             int                                                temporary                       4               150             NULL           
----------------------------------------------------------------------------------------------------------------------------------
t62             char*                                              temporary       "\nSuccess"     8               154             NULL           
----------------------------------------------------------------------------------------------------------------------------------
n               int                                                local           1               4               162             NULL           
----------------------------------------------------------------------------------------------------------------------------------
np              int*                                               local                           8               166             NULL           
----------------------------------------------------------------------------------------------------------------------------------
t65             int                                                temporary                       4               174             NULL           
----------------------------------------------------------------------------------------------------------------------------------
i               int                                                local                           4               178             NULL           
----------------------------------------------------------------------------------------------------------------------------------
returned_int    int                                                local                           4               182             NULL           
----------------------------------------------------------------------------------------------------------------------------------
t37             int                                                temporary                       4               186             NULL           
----------------------------------------------------------------------------------------------------------------------------------
t47             char*                                              temporary       "\nFailure"     8               190             NULL           
----------------------------------------------------------------------------------------------------------------------------------
t59             int                                                temporary                       4               198             NULL           
----------------------------------------------------------------------------------------------------------------------------------
t32             char                                               temporary       'a'             1               202             NULL           
----------------------------------------------------------------------------------------------------------------------------------
t43             int                                                temporary                       4               203             NULL           
----------------------------------------------------------------------------------------------------------------------------------
c               char                                               local           'x'             1               207             NULL           
----------------------------------------------------------------------------------------------------------------------------------
t35             int                                                temporary                       4               208             NULL           
----------------------------------------------------------------------------------------------------------------------------------
character_array array(26,char)                                     local                           26              212             NULL           
----------------------------------------------------------------------------------------------------------------------------------
t25             char                                               temporary       'x'             1               238             NULL           
----------------------------------------------------------------------------------------------------------------------------------
t27             int                                                temporary       26              4               239             NULL           
----------------------------------------------------------------------------------------------------------------------------------
t45             char*                                              temporary       "\nSuccess"     8               243             NULL           
----------------------------------------------------------------------------------------------------------------------------------
t46             int                                                temporary                       4               251             NULL           
----------------------------------------------------------------------------------------------------------------------------------
t48             int                                                temporary                       4               255             NULL           
----------------------------------------------------------------------------------------------------------------------------------
return          int                                                local                           4               259             NULL           
----------------------------------------------------------------------------------------------------------------------------------
t42             char*                                              temporary       "\nFailure"     8               263             NULL           
----------------------------------------------------------------------------------------------------------------------------------
returned_char   char                                               local                           1               271             NULL           
----------------------------------------------------------------------------------------------------------------------------------
t61             char*                                              temporary                       8               272             NULL           
----------------------------------------------------------------------------------------------------------------------------------
t50             char*                                              temporary       "\nSuccess"     8               280             NULL           
----------------------------------------------------------------------------------------------------------------------------------
t60             int                                                temporary       26              4               288             NULL           
----------------------------------------------------------------------------------------------------------------------------------
t56             char*                                              temporary       "\nSuccess"     8               292             NULL           
----------------------------------------------------------------------------------------------------------------------------------
t54             int                                                temporary       0               4               300             NULL           
----------------------------------------------------------------------------------------------------------------------------------
t57             int                                                temporary                       4               304             NULL           
----------------------------------------------------------------------------------------------------------------------------------
t28             int                                                temporary       0               4               308             NULL           
----------------------------------------------------------------------------------------------------------------------------------
t58             char*                                              temporary       "\nFailure"     8               312             NULL           
----------------------------------------------------------------------------------------------------------------------------------
t66             char*                                              temporary       "\n"            8               320             NULL           
----------------------------------------------------------------------------------------------------------------------------------
t63             int                                                temporary                       4               328             NULL           
----------------------------------------------------------------------------------------------------------------------------------
t67             int                                                temporary                       4               332             NULL           
----------------------------------------------------------------------------------------------------------------------------------


**********************************************************************************************************************************
Current Table: return_char_star
Parent Table: global
Name            Type                                               Category        Initial Value   Size            Offset          Nested Table   
**********************************************************************************************************************************
t20             int                                                temporary                       4               0               NULL           
----------------------------------------------------------------------------------------------------------------------------------
a               char*                                              parameter                       8               4               NULL           
----------------------------------------------------------------------------------------------------------------------------------
t18             int                                                temporary                       4               12              NULL           
----------------------------------------------------------------------------------------------------------------------------------
arr_size        int                                                parameter                       4               16              NULL           
----------------------------------------------------------------------------------------------------------------------------------
t14             int                                                temporary       0               4               20              NULL           
----------------------------------------------------------------------------------------------------------------------------------
return          char*                                              local                           8               24              NULL           
----------------------------------------------------------------------------------------------------------------------------------
t11             char*                                              temporary       "\nReturning character pointer: " 8               32              NULL           
----------------------------------------------------------------------------------------------------------------------------------
t12             int                                                temporary                       4               40              NULL           
----------------------------------------------------------------------------------------------------------------------------------
t17             int                                                temporary                       4               44              NULL           
----------------------------------------------------------------------------------------------------------------------------------
i               int                                                local           0               4               48              NULL           
----------------------------------------------------------------------------------------------------------------------------------
t15             int                                                temporary                       4               52              NULL           
----------------------------------------------------------------------------------------------------------------------------------
t13             int                                                temporary       0               4               56              NULL           
----------------------------------------------------------------------------------------------------------------------------------
t16             char*                                              temporary       " "             8               60              NULL           
----------------------------------------------------------------------------------------------------------------------------------
t19             char                                               temporary                       1               68              NULL           
----------------------------------------------------------------------------------------------------------------------------------


**********************************************************************************************************************************
Current Table: return_int_star
Parent Table: global
Name            Type                                               Category        Initial Value   Size            Offset          Nested Table   
**********************************************************************************************************************************
t9              int                                                temporary                       4               0               NULL           
----------------------------------------------------------------------------------------------------------------------------------
t8              int                                                temporary                       4               4               NULL           
----------------------------------------------------------------------------------------------------------------------------------
return          int*                                               local                           8               8               NULL           
----------------------------------------------------------------------------------------------------------------------------------
t10             int                                                temporary                       4               16              NULL           
----------------------------------------------------------------------------------------------------------------------------------
t7              char*                                              temporary       "\nReturning integer pointer: " 8               20              NULL           
----------------------------------------------------------------------------------------------------------------------------------
a               int*                                               parameter                       8               28              NULL           
----------------------------------------------------------------------------------------------------------------------------------


**********************************************************************************************************************************
Current Table: return_int
Parent Table: global
Name            Type                                               Category        Initial Value   Size            Offset          Nested Table   
**********************************************************************************************************************************
t3              int                                                temporary                       4               0               NULL           
----------------------------------------------------------------------------------------------------------------------------------
t2              int                                                temporary                       4               4               NULL           
----------------------------------------------------------------------------------------------------------------------------------
t1              char*                                              temporary       "\nReturning integer: " 8               8               NULL           
----------------------------------------------------------------------------------------------------------------------------------
return          int                                                local                           4               16              NULL           
----------------------------------------------------------------------------------------------------------------------------------
a               int                                                parameter                       4               20              NULL           
----------------------------------------------------------------------------------------------------------------------------------


**********************************************************************************************************************************
Current Table: return_char
Parent Table: global
Name            Type                                               Category        Initial Value   Size            Offset          Nested Table   
**********************************************************************************************************************************
t6              int                                                temporary                       4               0               NULL           
----------------------------------------------------------------------------------------------------------------------------------
t5              int                                                temporary                       4               4               NULL           
----------------------------------------------------------------------------------------------------------------------------------
t4              char*                                              temporary       "\nReturning character: " 8               8               NULL           
----------------------------------------------------------------------------------------------------------------------------------
return          char                                               local                           1               16              NULL           
----------------------------------------------------------------------------------------------------------------------------------
a               char                                               parameter                       1               17              NULL           
----------------------------------------------------------------------------------------------------------------------------------


**********************************************************************************************************************************
Current Table: printStr
Parent Table: global
Name            Type                                               Category        Initial Value   Size            Offset          Nested Table   
**********************************************************************************************************************************
return          int                                                local                           4               0               NULL           
----------------------------------------------------------------------------------------------------------------------------------
s               char*                                              parameter                       8               4               NULL           
----------------------------------------------------------------------------------------------------------------------------------


**********************************************************************************************************************************
Current Table: readInt
Parent Table: global
Name            Type                                               Category        Initial Value   Size            Offset          Nested Table   
**********************************************************************************************************************************
return          int                                                local                           4               0               NULL           
----------------------------------------------------------------------------------------------------------------------------------
eP              int*                                               parameter                       8               4               NULL           
----------------------------------------------------------------------------------------------------------------------------------


**********************************************************************************************************************************
Current Table: printInt
Parent Table: global
Name            Type                                               Category        Initial Value   Size            Offset          Nested Table   
**********************************************************************************************************************************
return          int                                                local                           4               0               NULL           
----------------------------------------------------------------------------------------------------------------------------------
n               int                                                parameter                       4               4               NULL           
----------------------------------------------------------------------------------------------------------------------------------


1   : Function start: return_int
2   : 	t1 = "\nReturning integer: "
3   : 	param t1
4   : 	t2 = call printStr,1
5   : 	param a
6   : 	t3 = call printInt,1
7   : 	return a
8   : Function end: return_int
9   : Function start: return_char
10  : 	t4 = "\nReturning character: "
11  : 	param t4
12  : 	t5 = call printStr,1
13  : 	param a
14  : 	t6 = call printInt,1
15  : 	return a
16  : Function end: return_char
17  : Function start: return_int_star
18  : 	t7 = "\nReturning integer pointer: "
19  : 	param t7
20  : 	t8 = call printStr,1
21  : 	t9 = *a
22  : 	param t9
23  : 	t10 = call printInt,1
24  : 	return a
25  : Function end: return_int_star
26  : Function start: return_char_star
27  : 	t11 = "\nReturning character pointer: "
28  : 	param t11
29  : 	t12 = call printStr,1
30  : 	t13 = 0
31  : 	i = t13
32  : 	t14 = 0
33  : 	i = t14
34  : 	if i < arr_size goto 39
35  : 	goto 47
36  : 	t15 = i
37  : 	i = i + 1
38  : 	goto 34
39  : 	t16 = " "
40  : 	param t16
41  : 	t17 = call printStr,1
42  : 	t18 = i * 1
43  : 	t19 = a[t18]
44  : 	param t19
45  : 	t20 = call printInt,1
46  : 	goto 36
47  : 	return a
48  : Function end: return_char_star
49  : Function start: main
50  : 	t21 = "\nTest file #1\n"
51  : 	param t21
52  : 	t22 = call printStr,1
53  : 	t23 = 1
54  : 	n = t23
55  : 	t24 = &n
56  : 	np = t24
57  : 	t25 = 'x'
58  : 	c = t25
59  : 	t26 = &c
60  : 	nc = t26
61  : 	t27 = 26
62  : 	t28 = 0
63  : 	i = t28
64  : 	t29 = 26
65  : 	if i < t29 goto 70
66  : 	goto 81
67  : 	t30 = i
68  : 	i = i + 1
69  : 	goto 64
70  : 	t31 = i * 1
71  : 	t32 = 'a'
72  : 	character_array[t31] = t32
73  : 	t33 = " "
74  : 	param t33
75  : 	t34 = call printStr,1
76  : 	t35 = i * 1
77  : 	t36 = character_array[t35]
78  : 	param t36
79  : 	t37 = call printInt,1
80  : 	goto 67
81  : 	t38 = 0
82  : 	i = t38
83  : 	param n
84  : 	t39 = call return_int,1
85  : 	returned_int = t39
86  : 	if returned_int == n goto 88
87  : 	goto 92
88  : 	t40 = "\nSuccess"
89  : 	param t40
90  : 	t41 = call printStr,1
91  : 	goto 95
92  : 	t42 = "\nFailure"
93  : 	param t42
94  : 	t43 = call printStr,1
95  : 	param np
96  : 	t44 = call return_int_star,1
97  : 	returned_int_star = t44
98  : 	if returned_int_star == np goto 100
99  : 	goto 104
100 : 	t45 = "\nSuccess"
101 : 	param t45
102 : 	t46 = call printStr,1
103 : 	goto 107
104 : 	t47 = "\nFailure"
105 : 	param t47
106 : 	t48 = call printStr,1
107 : 	param c
108 : 	t49 = call return_char,1
109 : 	returned_char = t49
110 : 	if returned_char == c goto 112
111 : 	goto 116
112 : 	t50 = "\nSuccess"
113 : 	param t50
114 : 	t51 = call printStr,1
115 : 	goto 119
116 : 	t52 = "\nFailure"
117 : 	param t52
118 : 	t53 = call printStr,1
119 : 	param nc
120 : 	t54 = 0
121 : 	param t54
122 : 	t55 = call return_char_star,2
123 : 	returned_char_star = t55
124 : 	if returned_char_star == nc goto 126
125 : 	goto 130
126 : 	t56 = "\nSuccess"
127 : 	param t56
128 : 	t57 = call printStr,1
129 : 	goto 133
130 : 	t58 = "\nFailure"
131 : 	param t58
132 : 	t59 = call printStr,1
133 : 	param character_array
134 : 	t60 = 26
135 : 	param t60
136 : 	t61 = call return_char_star,2
137 : 	returned_char_array = t61
138 : 	t62 = "\nSuccess"
139 : 	param t62
140 : 	t63 = call printStr,1
141 : 	goto 147
142 : 	t64 = "\nFailure"
143 : 	param t64
144 : 	t65 = call printStr,1
145 : 	if returned_char_array == 0 goto 142
146 : 	goto 138
147 : 	t66 = "\n"
148 : 	param t66
149 : 	t67 = call printStr,1
150 : 	t68 = 0
151 : 	return t68
152 : Function end: main
